2020.12.12 15:03:02 INFO  Started: Metals version 0.9.7 in workspace '/home/jsrl/Documentos/Mini-proyectos' for client vscode.
2020.12.12 15:03:03 INFO  time: initialize in 0.91s
2020.12.12 15:03:05 WARN  Build server is not auto-connectable.
2020.12.12 15:03:05 WARN  no build tool detected in workspace '/home/jsrl/Documentos/Mini-proyectos'. The most common cause for this problem is that the editor was opened in the wrong working directory, for example if you use sbt then the workspace directory should contain build.sbt. 
dic 12, 2020 4:08:07 PM org.eclipse.lsp4j.jsonrpc.services.GenericEndpoint notify
INFORMACIÓN: Unsupported notification method: $/setTraceNotification
2020.12.13 21:26:11 INFO  Started: Metals version 0.9.7 in workspace '/home/jsrl/Documentos/Mini-proyectos' for client vscode.
2020.12.13 21:26:12 INFO  time: initialize in 1.1s
2020.12.13 21:26:18 WARN  Build server is not auto-connectable.
2020.12.13 21:26:18 WARN  no build tool detected in workspace '/home/jsrl/Documentos/Mini-proyectos'. The most common cause for this problem is that the editor was opened in the wrong working directory, for example if you use sbt then the workspace directory should contain build.sbt. 
2020.12.14 15:54:42 INFO  Started: Metals version 0.9.7 in workspace '/home/jsrl/Documentos/Mini-proyectos' for client vscode.
2020.12.14 15:54:44 INFO  time: initialize in 1.88s
2020.12.14 15:54:50 WARN  Build server is not auto-connectable.
2020.12.14 15:54:50 WARN  no build tool detected in workspace '/home/jsrl/Documentos/Mini-proyectos'. The most common cause for this problem is that the editor was opened in the wrong working directory, for example if you use sbt then the workspace directory should contain build.sbt. 
2020.12.14 18:00:09 INFO  shutting down Metals
2020.12.14 23:50:55 INFO  Started: Metals version 0.9.7 in workspace '/home/jsrl/Documentos/Mini-proyectos' for client vscode.
2020.12.14 23:50:57 INFO  time: initialize in 2.44s
2020.12.14 23:51:00 WARN  Build server is not auto-connectable.
2020.12.14 23:51:00 WARN  no build tool detected in workspace '/home/jsrl/Documentos/Mini-proyectos'. The most common cause for this problem is that the editor was opened in the wrong working directory, for example if you use sbt then the workspace directory should contain build.sbt. 
2020.12.15 00:34:56 INFO  shutting down Metals
2020.12.15 18:52:58 INFO  Started: Metals version 0.9.7 in workspace '/home/jsrl/Documentos/Mini-proyectos' for client vscode.
2020.12.15 18:52:59 INFO  time: initialize in 1.07s
2020.12.15 18:53:01 WARN  Build server is not auto-connectable.
2020.12.15 18:53:01 WARN  no build tool detected in workspace '/home/jsrl/Documentos/Mini-proyectos'. The most common cause for this problem is that the editor was opened in the wrong working directory, for example if you use sbt then the workspace directory should contain build.sbt. 
2020.12.16 12:20:07 INFO  Started: Metals version 0.9.7 in workspace '/home/jsrl/Documentos/Mini-proyectos' for client vscode.
2020.12.16 12:20:08 INFO  time: initialize in 1.53s
2020.12.16 12:20:16 WARN  Build server is not auto-connectable.
2020.12.16 12:20:16 WARN  no build tool detected in workspace '/home/jsrl/Documentos/Mini-proyectos'. The most common cause for this problem is that the editor was opened in the wrong working directory, for example if you use sbt then the workspace directory should contain build.sbt. 
dic 16, 2020 12:36:34 PM org.eclipse.lsp4j.jsonrpc.services.GenericEndpoint notify
INFORMACIÓN: Unsupported notification method: $/setTraceNotification
dic 16, 2020 2:42:18 PM org.eclipse.lsp4j.jsonrpc.services.GenericEndpoint notify
INFORMACIÓN: Unsupported notification method: $/setTraceNotification
dic 16, 2020 2:52:15 PM org.eclipse.lsp4j.jsonrpc.services.GenericEndpoint notify
INFORMACIÓN: Unsupported notification method: $/setTraceNotification
2020.12.16 14:59:23 INFO  shutting down Metals
2020.12.16 15:02:30 INFO  Started: Metals version 0.9.7 in workspace '/home/jsrl/Documentos/Mini-proyectos' for client vscode.
2020.12.16 15:02:31 INFO  time: initialize in 0.88s
2020.12.16 15:02:36 WARN  Build server is not auto-connectable.
2020.12.16 15:02:36 WARN  no build tool detected in workspace '/home/jsrl/Documentos/Mini-proyectos'. The most common cause for this problem is that the editor was opened in the wrong working directory, for example if you use sbt then the workspace directory should contain build.sbt. 
2020.12.16 18:07:31 INFO  shutting down Metals
2020.12.28 18:58:30 INFO  Started: Metals version 0.9.7 in workspace '/home/jsrl/Documentos/Mini-proyectos' for client vscode.
2020.12.28 18:58:32 INFO  time: initialize in 1.99s
2020.12.28 18:58:34 WARN  Build server is not auto-connectable.
2020.12.28 18:58:34 WARN  no build tool detected in workspace '/home/jsrl/Documentos/Mini-proyectos'. The most common cause for this problem is that the editor was opened in the wrong working directory, for example if you use sbt then the workspace directory should contain build.sbt. 
2020.12.28 18:58:53 INFO  shutting down Metals
2021.01.07 15:01:05 INFO  Started: Metals version 0.9.8 in workspace '/home/jsrl/Documentos/Mini-proyectos' for client vscode.
2021.01.07 15:01:06 INFO  time: initialize in 1s
2021.01.07 15:01:09 WARN  Build server is not auto-connectable.
2021.01.07 15:01:09 WARN  no build tool detected in workspace '/home/jsrl/Documentos/Mini-proyectos'. The most common cause for this problem is that the editor was opened in the wrong working directory, for example if you use sbt then the workspace directory should contain build.sbt. 
2021.01.07 16:12:16 INFO  shutting down Metals
2021.01.07 17:28:53 INFO  Started: Metals version 0.9.8 in workspace '/home/jsrl/Documentos/Mini-proyectos' for client vscode.
2021.01.07 17:28:54 INFO  time: initialize in 0.7s
2021.01.07 17:28:56 WARN  Build server is not auto-connectable.
2021.01.07 17:28:56 WARN  no build tool detected in workspace '/home/jsrl/Documentos/Mini-proyectos'. The most common cause for this problem is that the editor was opened in the wrong working directory, for example if you use sbt then the workspace directory should contain build.sbt. 
2021.01.07 17:54:30 INFO  shutting down Metals
2021.01.07 18:31:44 INFO  Started: Metals version 0.9.8 in workspace '/home/jsrl/Documentos/Mini-proyectos' for client vscode.
2021.01.07 18:31:45 INFO  time: initialize in 0.9s
2021.01.07 18:31:47 WARN  Build server is not auto-connectable.
2021.01.07 18:31:47 WARN  no build tool detected in workspace '/home/jsrl/Documentos/Mini-proyectos'. The most common cause for this problem is that the editor was opened in the wrong working directory, for example if you use sbt then the workspace directory should contain build.sbt. 
2021.01.07 18:31:47 WARN  no build target for: /home/jsrl/Documentos/Mini-proyectos/Cloud/Python/Project/microservices/DB/FileUsers/sebas.reyes/Prueba/Prueba3/Ejercicio.scala
2021.01.07 18:31:53 INFO  no build target: using presentation compiler with only scala-library
2021.01.08 18:09:37 INFO  Started: Metals version 0.9.8 in workspace '/home/jsrl/Documentos/Mini-proyectos' for client vscode.
2021.01.08 18:09:38 INFO  time: initialize in 1.2s
2021.01.08 18:09:47 WARN  Build server is not auto-connectable.
2021.01.08 18:09:47 WARN  no build tool detected in workspace '/home/jsrl/Documentos/Mini-proyectos'. The most common cause for this problem is that the editor was opened in the wrong working directory, for example if you use sbt then the workspace directory should contain build.sbt. 
2021.01.08 21:32:30 INFO  shutting down Metals
2021.01.09 10:52:57 INFO  Started: Metals version 0.9.8 in workspace '/home/jsrl/Documentos/Mini-proyectos' for client vscode.
2021.01.09 10:52:59 INFO  time: initialize in 1.54s
2021.01.09 10:53:01 WARN  Build server is not auto-connectable.
2021.01.09 10:53:01 WARN  no build tool detected in workspace '/home/jsrl/Documentos/Mini-proyectos'. The most common cause for this problem is that the editor was opened in the wrong working directory, for example if you use sbt then the workspace directory should contain build.sbt. 
ene 09, 2021 11:27:59 AM org.eclipse.lsp4j.jsonrpc.services.GenericEndpoint notify
INFORMACIÓN: Unsupported notification method: $/setTraceNotification
2021.01.09 19:10:52 INFO  shutting down Metals
2021.01.23 14:05:51 INFO  Started: Metals version 0.9.8 in workspace '/home/jsrl/Documentos/Mini-proyectos' for client vscode.
2021.01.23 14:05:52 INFO  time: initialize in 1.13s
2021.01.23 14:05:54 WARN  Build server is not auto-connectable.
2021.01.23 14:05:54 WARN  no build tool detected in workspace '/home/jsrl/Documentos/Mini-proyectos'. The most common cause for this problem is that the editor was opened in the wrong working directory, for example if you use sbt then the workspace directory should contain build.sbt. 
[0m2021.01.23 19:13:52 INFO  Started: Metals version 0.9.10 in workspace '/home/jsrl/Documentos/Mini-proyectos' for client vscode 1.52.1.[0m
[0m2021.01.23 19:13:53 INFO  time: initialize in 0.55s[0m
[0m2021.01.23 19:13:57 WARN  resetting database: /home/jsrl/Documentos/Mini-proyectos/.metals/metals.h2.db[0m
[0m2021.01.23 19:13:59 WARN  Build server is not auto-connectable.[0m
[0m2021.01.23 19:13:59 WARN  no build tool detected in workspace '/home/jsrl/Documentos/Mini-proyectos'. The most common cause for this problem is that the editor was opened in the wrong working directory, for example if you use sbt then the workspace directory should contain build.sbt. [0m
[0m2021.01.25 16:01:23 INFO  Started: Metals version 0.9.10 in workspace '/home/jsrl/Documentos/Mini-proyectos' for client vscode 1.52.1.[0m
[0m2021.01.25 16:01:25 INFO  time: initialize in 1.4s[0m
[0m2021.01.25 16:01:30 WARN  Build server is not auto-connectable.[0m
[0m2021.01.25 16:01:30 WARN  no build tool detected in workspace '/home/jsrl/Documentos/Mini-proyectos'. The most common cause for this problem is that the editor was opened in the wrong working directory, for example if you use sbt then the workspace directory should contain build.sbt. [0m
ene 25, 2021 6:13:32 PM org.eclipse.lsp4j.jsonrpc.services.GenericEndpoint notify
INFORMACIÓN: Unsupported notification method: $/setTraceNotification
[0m2021.01.27 15:27:28 INFO  Started: Metals version 0.9.10 in workspace '/home/jsrl/Documentos/Mini-proyectos' for client vscode 1.52.1.[0m
[0m2021.01.27 15:27:29 INFO  time: initialize in 1.28s[0m
[0m2021.01.27 15:27:35 WARN  Build server is not auto-connectable.[0m
[0m2021.01.27 15:27:35 WARN  no build tool detected in workspace '/home/jsrl/Documentos/Mini-proyectos'. The most common cause for this problem is that the editor was opened in the wrong working directory, for example if you use sbt then the workspace directory should contain build.sbt. [0m
[0m2021.01.29 11:49:40 INFO  Started: Metals version 0.9.10 in workspace '/home/jsrl/Documentos/Mini-proyectos' for client vscode 1.52.1.[0m
[0m2021.01.29 11:49:41 INFO  time: initialize in 0.83s[0m
[0m2021.01.29 11:49:46 WARN  Build server is not auto-connectable.[0m
[0m2021.01.29 11:49:46 WARN  no build tool detected in workspace '/home/jsrl/Documentos/Mini-proyectos'. The most common cause for this problem is that the editor was opened in the wrong working directory, for example if you use sbt then the workspace directory should contain build.sbt. [0m
[0m2021.01.29 13:25:53 INFO  Started: Metals version 0.9.10 in workspace '/home/jsrl/Documentos/Mini-proyectos' for client vscode 1.52.1.[0m
[0m2021.01.29 13:25:54 INFO  time: initialize in 0.76s[0m
[0m2021.01.29 13:25:58 WARN  Build server is not auto-connectable.[0m
[0m2021.01.29 13:25:58 WARN  no build tool detected in workspace '/home/jsrl/Documentos/Mini-proyectos'. The most common cause for this problem is that the editor was opened in the wrong working directory, for example if you use sbt then the workspace directory should contain build.sbt. [0m
[0m2021.01.29 13:37:48 INFO  shutting down Metals[0m
[0m2021.02.01 10:12:16 INFO  Started: Metals version 0.9.10 in workspace '/home/jsrl/Documentos/Mini-proyectos' for client vscode 1.52.1.[0m
[0m2021.02.01 10:12:16 INFO  time: initialize in 0.57s[0m
[0m2021.02.01 10:12:18 WARN  resetting database: /home/jsrl/Documentos/Mini-proyectos/.metals/metals.h2.db[0m
[0m2021.02.01 10:12:20 ERROR org.flywaydb.core.internal.exception.FlywaySqlException: 
Unable to obtain connection from database (jdbc:h2:file:/home/jsrl/Documentos/Mini-proyectos/.metals/metals;MV_STORE=false;AUTO_SERVER=TRUE) for user 'sa': Error abriendo la base de datos: "Could not save properties /home/jsrl/Documentos/Mini-proyectos/.metals/metals.lock.db"
Error opening database: "Could not save properties /home/jsrl/Documentos/Mini-proyectos/.metals/metals.lock.db" [8000-200]
---------------------------------------------------------------------------------------------------------------------------------------------------------------------------------------------------------------------------------------------------------------------------------------------------------------------------------------------------------------------------------------------------------------
SQL State  : 08000
Error Code : 8000
Message    : Error abriendo la base de datos: "Could not save properties /home/jsrl/Documentos/Mini-proyectos/.metals/metals.lock.db"
Error opening database: "Could not save properties /home/jsrl/Documentos/Mini-proyectos/.metals/metals.lock.db" [8000-200]

	at org.flywaydb.core.internal.jdbc.JdbcUtils.openConnection(JdbcUtils.java:68)
	at org.flywaydb.core.internal.jdbc.JdbcConnectionFactory.<init>(JdbcConnectionFactory.java:69)
	at org.flywaydb.core.Flyway.execute(Flyway.java:507)
	at org.flywaydb.core.Flyway.clean(Flyway.java:358)
	at scala.meta.internal.metals.Tables.migrateOrRestart(Tables.scala:123)
	at scala.meta.internal.metals.Tables.tryUrl(Tables.scala:111)
	at scala.meta.internal.metals.Tables.persistentConnection(Tables.scala:105)
	at scala.meta.internal.metals.Tables.tryAutoServer(Tables.scala:54)
	at scala.meta.internal.metals.Tables.connect(Tables.scala:37)
	at scala.meta.internal.metals.MetalsLanguageServer.initialized(MetalsLanguageServer.scala:823)
	at sun.reflect.NativeMethodAccessorImpl.invoke0(Native Method)
	at sun.reflect.NativeMethodAccessorImpl.invoke(NativeMethodAccessorImpl.java:62)
	at sun.reflect.DelegatingMethodAccessorImpl.invoke(DelegatingMethodAccessorImpl.java:43)
	at java.lang.reflect.Method.invoke(Method.java:498)
	at org.eclipse.lsp4j.jsonrpc.services.GenericEndpoint.lambda$null$0(GenericEndpoint.java:65)
	at org.eclipse.lsp4j.jsonrpc.services.GenericEndpoint.notify(GenericEndpoint.java:152)
	at org.eclipse.lsp4j.jsonrpc.RemoteEndpoint.handleNotification(RemoteEndpoint.java:220)
	at org.eclipse.lsp4j.jsonrpc.RemoteEndpoint.consume(RemoteEndpoint.java:187)
	at org.eclipse.lsp4j.jsonrpc.json.StreamMessageProducer.handleMessage(StreamMessageProducer.java:194)
	at org.eclipse.lsp4j.jsonrpc.json.StreamMessageProducer.listen(StreamMessageProducer.java:94)
	at org.eclipse.lsp4j.jsonrpc.json.ConcurrentMessageProcessor.run(ConcurrentMessageProcessor.java:113)
	at java.util.concurrent.Executors$RunnableAdapter.call(Executors.java:511)
	at java.util.concurrent.FutureTask.run(FutureTask.java:266)
	at java.util.concurrent.ThreadPoolExecutor.runWorker(ThreadPoolExecutor.java:1149)
	at java.util.concurrent.ThreadPoolExecutor$Worker.run(ThreadPoolExecutor.java:624)
	at java.lang.Thread.run(Thread.java:748)
Caused by: org.h2.jdbc.JdbcSQLNonTransientConnectionException: Error abriendo la base de datos: "Could not save properties /home/jsrl/Documentos/Mini-proyectos/.metals/metals.lock.db"
Error opening database: "Could not save properties /home/jsrl/Documentos/Mini-proyectos/.metals/metals.lock.db" [8000-200]
	at org.h2.message.DbException.getJdbcSQLException(DbException.java:455)
	at org.h2.message.DbException.getJdbcSQLException(DbException.java:429)
	at org.h2.message.DbException.get(DbException.java:194)
	at org.h2.store.FileLock.getExceptionFatal(FileLock.java:428)
	at org.h2.store.FileLock.save(FileLock.java:193)
	at org.h2.store.FileLock.lockFile(FileLock.java:322)
	at org.h2.store.FileLock.lock(FileLock.java:108)
	at org.h2.engine.Database.open(Database.java:656)
	at org.h2.engine.Database.openDatabase(Database.java:307)
	at org.h2.engine.Database.<init>(Database.java:301)
	at org.h2.engine.Engine.openSession(Engine.java:74)
	at org.h2.engine.Engine.openSession(Engine.java:192)
	at org.h2.engine.Engine.createSessionAndValidate(Engine.java:171)
	at org.h2.engine.Engine.createSession(Engine.java:166)
	at org.h2.engine.Engine.createSession(Engine.java:29)
	at org.h2.engine.SessionRemote.connectEmbeddedOrServer(SessionRemote.java:340)
	at org.h2.jdbc.JdbcConnection.<init>(JdbcConnection.java:173)
	at org.h2.jdbc.JdbcConnection.<init>(JdbcConnection.java:152)
	at org.h2.Driver.connect(Driver.java:69)
	at org.flywaydb.core.internal.jdbc.DriverDataSource.getConnectionFromDriver(DriverDataSource.java:325)
	at org.flywaydb.core.internal.jdbc.DriverDataSource.getConnection(DriverDataSource.java:289)
	at org.flywaydb.core.internal.jdbc.JdbcUtils.openConnection(JdbcUtils.java:59)
	at org.flywaydb.core.internal.jdbc.JdbcConnectionFactory.<init>(JdbcConnectionFactory.java:69)
	at org.flywaydb.core.Flyway.execute(Flyway.java:507)
	at org.flywaydb.core.Flyway.clean(Flyway.java:358)
	at scala.meta.internal.metals.Tables.migrateOrRestart(Tables.scala:123)
	at scala.meta.internal.metals.Tables.tryUrl(Tables.scala:111)
	at scala.meta.internal.metals.Tables.persistentConnection(Tables.scala:105)
	at scala.meta.internal.metals.Tables.tryAutoServer(Tables.scala:54)
	at scala.meta.internal.metals.Tables.connect(Tables.scala:37)
	at scala.meta.internal.metals.MetalsLanguageServer.initialized(MetalsLanguageServer.scala:823)
	at sun.reflect.NativeMethodAccessorImpl.invoke0(Native Method)
	at sun.reflect.NativeMethodAccessorImpl.invoke(NativeMethodAccessorImpl.java:62)
	at sun.reflect.DelegatingMethodAccessorImpl.invoke(DelegatingMethodAccessorImpl.java:43)
	at java.lang.reflect.Method.invoke(Method.java:498)
	at org.eclipse.lsp4j.jsonrpc.services.GenericEndpoint.lambda$null$0(GenericEndpoint.java:65)
	at org.eclipse.lsp4j.jsonrpc.services.GenericEndpoint.notify(GenericEndpoint.java:152)
	at org.eclipse.lsp4j.jsonrpc.RemoteEndpoint.handleNotification(RemoteEndpoint.java:220)
	at org.eclipse.lsp4j.jsonrpc.RemoteEndpoint.consume(RemoteEndpoint.java:187)
	at org.eclipse.lsp4j.jsonrpc.json.StreamMessageProducer.handleMessage(StreamMessageProducer.java:194)
	at org.eclipse.lsp4j.jsonrpc.json.StreamMessageProducer.listen(StreamMessageProducer.java:94)
	at org.eclipse.lsp4j.jsonrpc.json.ConcurrentMessageProcessor.run(ConcurrentMessageProcessor.java:113)
	at java.util.concurrent.Executors$RunnableAdapter.call(Executors.java:511)
	at java.util.concurrent.FutureTask.run(FutureTask.java:266)
	at java.util.concurrent.ThreadPoolExecutor.runWorker(ThreadPoolExecutor.java:1149)
	at java.util.concurrent.ThreadPoolExecutor$Worker.run(ThreadPoolExecutor.java:624)
	at java.lang.Thread.run(Thread.java:748)
Caused by: java.io.FileNotFoundException: /home/jsrl/Documentos/Mini-proyectos/.metals/metals.lock.db (Permiso denegado)
	at java.io.FileOutputStream.open0(Native Method)
	at java.io.FileOutputStream.open(FileOutputStream.java:270)
	at java.io.FileOutputStream.<init>(FileOutputStream.java:213)
	at java.io.FileOutputStream.<init>(FileOutputStream.java:101)
	at org.h2.store.fs.FilePathDisk.newOutputStream(FilePathDisk.java:306)
	at org.h2.store.fs.FileUtils.newOutputStream(FileUtils.java:239)
	at org.h2.store.FileLock.save(FileLock.java:184)
	at org.h2.store.FileLock.lockFile(FileLock.java:322)
	at org.h2.store.FileLock.lock(FileLock.java:108)
	at org.h2.engine.Database.open(Database.java:656)
	at org.h2.engine.Database.openDatabase(Database.java:307)
	at org.h2.engine.Database.<init>(Database.java:301)
	at org.h2.engine.Engine.openSession(Engine.java:74)
	at org.h2.engine.Engine.openSession(Engine.java:192)
	at org.h2.engine.Engine.createSessionAndValidate(Engine.java:171)
	at org.h2.engine.Engine.createSession(Engine.java:166)
	at org.h2.engine.Engine.createSession(Engine.java:29)
	at org.h2.engine.SessionRemote.connectEmbeddedOrServer(SessionRemote.java:340)
	at org.h2.jdbc.JdbcConnection.<init>(JdbcConnection.java:173)
	at org.h2.jdbc.JdbcConnection.<init>(JdbcConnection.java:152)
	at org.h2.Driver.connect(Driver.java:69)
	at org.flywaydb.core.internal.jdbc.DriverDataSource.getConnectionFromDriver(DriverDataSource.java:325)
	at org.flywaydb.core.internal.jdbc.DriverDataSource.getConnection(DriverDataSource.java:289)
	at org.flywaydb.core.internal.jdbc.JdbcUtils.openConnection(JdbcUtils.java:59)
	at org.flywaydb.core.internal.jdbc.JdbcConnectionFactory.<init>(JdbcConnectionFactory.java:69)
	at org.flywaydb.core.Flyway.execute(Flyway.java:507)
	at org.flywaydb.core.Flyway.clean(Flyway.java:358)
	at scala.meta.internal.metals.Tables.migrateOrRestart(Tables.scala:123)
	at scala.meta.internal.metals.Tables.tryUrl(Tables.scala:111)
	at scala.meta.internal.metals.Tables.persistentConnection(Tables.scala:105)
	at scala.meta.internal.metals.Tables.tryAutoServer(Tables.scala:54)
	at scala.meta.internal.metals.Tables.connect(Tables.scala:37)
	at scala.meta.internal.metals.MetalsLanguageServer.initialized(MetalsLanguageServer.scala:823)
	at sun.reflect.NativeMethodAccessorImpl.invoke0(Native Method)
	at sun.reflect.NativeMethodAccessorImpl.invoke(NativeMethodAccessorImpl.java:62)
	at sun.reflect.DelegatingMethodAccessorImpl.invoke(DelegatingMethodAccessorImpl.java:43)
	at java.lang.reflect.Method.invoke(Method.java:498)
	at org.eclipse.lsp4j.jsonrpc.services.GenericEndpoint.lambda$null$0(GenericEndpoint.java:65)
	at org.eclipse.lsp4j.jsonrpc.services.GenericEndpoint.notify(GenericEndpoint.java:152)
	at org.eclipse.lsp4j.jsonrpc.RemoteEndpoint.handleNotification(RemoteEndpoint.java:220)
	at org.eclipse.lsp4j.jsonrpc.RemoteEndpoint.consume(RemoteEndpoint.java:187)
	at org.eclipse.lsp4j.jsonrpc.json.StreamMessageProducer.handleMessage(StreamMessageProducer.java:194)
	at org.eclipse.lsp4j.jsonrpc.json.StreamMessageProducer.listen(StreamMessageProducer.java:94)
	at org.eclipse.lsp4j.jsonrpc.json.ConcurrentMessageProcessor.run(ConcurrentMessageProcessor.java:113)
	at java.util.concurrent.Executors$RunnableAdapter.call(Executors.java:511)
	at java.util.concurrent.FutureTask.run(FutureTask.java:266)
	at java.util.concurrent.ThreadPoolExecutor.runWorker(ThreadPoolExecutor.java:1149)
	at java.util.concurrent.ThreadPoolExecutor$Worker.run(ThreadPoolExecutor.java:624)
	at java.lang.Thread.run(Thread.java:748)
[0m
[0m2021.02.01 10:12:21 WARN  resetting database: /home/jsrl/Documentos/Mini-proyectos/.metals/metals.h2.db[0m
[0m2021.02.01 10:12:22 ERROR unable to setup persistent H2 database with AUTO_SERVER=false, falling back to in-memory database. This means you may be redundantly asked to execute 'Import build', even if it's not needed. Also, code navigation will not work for existing files in the .metals/readonly/ directory. To fix this problem, make sure you only have one running Metals server in the directory '/home/jsrl/Documentos/Mini-proyectos'.
org.flywaydb.core.internal.exception.FlywaySqlException: 
Unable to obtain connection from database (jdbc:h2:file:/home/jsrl/Documentos/Mini-proyectos/.metals/metals;MV_STORE=false;AUTO_SERVER=TRUE) for user 'sa': Error abriendo la base de datos: "Could not save properties /home/jsrl/Documentos/Mini-proyectos/.metals/metals.lock.db"
Error opening database: "Could not save properties /home/jsrl/Documentos/Mini-proyectos/.metals/metals.lock.db" [8000-200]
---------------------------------------------------------------------------------------------------------------------------------------------------------------------------------------------------------------------------------------------------------------------------------------------------------------------------------------------------------------------------------------------------------------
SQL State  : 08000
Error Code : 8000
Message    : Error abriendo la base de datos: "Could not save properties /home/jsrl/Documentos/Mini-proyectos/.metals/metals.lock.db"
Error opening database: "Could not save properties /home/jsrl/Documentos/Mini-proyectos/.metals/metals.lock.db" [8000-200]

	at org.flywaydb.core.internal.jdbc.JdbcUtils.openConnection(JdbcUtils.java:68)
	at org.flywaydb.core.internal.jdbc.JdbcConnectionFactory.<init>(JdbcConnectionFactory.java:69)
	at org.flywaydb.core.Flyway.execute(Flyway.java:507)
	at org.flywaydb.core.Flyway.clean(Flyway.java:358)
	at scala.meta.internal.metals.Tables.migrateOrRestart(Tables.scala:123)
	at scala.meta.internal.metals.Tables.tryUrl(Tables.scala:111)
	at scala.meta.internal.metals.Tables.persistentConnection(Tables.scala:105)
	at scala.meta.internal.metals.Tables.tryNoAutoServer(Tables.scala:71)
	at scala.meta.internal.metals.Tables.tryAutoServer(Tables.scala:65)
	at scala.meta.internal.metals.Tables.connect(Tables.scala:37)
	at scala.meta.internal.metals.MetalsLanguageServer.initialized(MetalsLanguageServer.scala:823)
	at sun.reflect.NativeMethodAccessorImpl.invoke0(Native Method)
	at sun.reflect.NativeMethodAccessorImpl.invoke(NativeMethodAccessorImpl.java:62)
	at sun.reflect.DelegatingMethodAccessorImpl.invoke(DelegatingMethodAccessorImpl.java:43)
	at java.lang.reflect.Method.invoke(Method.java:498)
	at org.eclipse.lsp4j.jsonrpc.services.GenericEndpoint.lambda$null$0(GenericEndpoint.java:65)
	at org.eclipse.lsp4j.jsonrpc.services.GenericEndpoint.notify(GenericEndpoint.java:152)
	at org.eclipse.lsp4j.jsonrpc.RemoteEndpoint.handleNotification(RemoteEndpoint.java:220)
	at org.eclipse.lsp4j.jsonrpc.RemoteEndpoint.consume(RemoteEndpoint.java:187)
	at org.eclipse.lsp4j.jsonrpc.json.StreamMessageProducer.handleMessage(StreamMessageProducer.java:194)
	at org.eclipse.lsp4j.jsonrpc.json.StreamMessageProducer.listen(StreamMessageProducer.java:94)
	at org.eclipse.lsp4j.jsonrpc.json.ConcurrentMessageProcessor.run(ConcurrentMessageProcessor.java:113)
	at java.util.concurrent.Executors$RunnableAdapter.call(Executors.java:511)
	at java.util.concurrent.FutureTask.run(FutureTask.java:266)
	at java.util.concurrent.ThreadPoolExecutor.runWorker(ThreadPoolExecutor.java:1149)
	at java.util.concurrent.ThreadPoolExecutor$Worker.run(ThreadPoolExecutor.java:624)
	at java.lang.Thread.run(Thread.java:748)
Caused by: org.h2.jdbc.JdbcSQLNonTransientConnectionException: Error abriendo la base de datos: "Could not save properties /home/jsrl/Documentos/Mini-proyectos/.metals/metals.lock.db"
Error opening database: "Could not save properties /home/jsrl/Documentos/Mini-proyectos/.metals/metals.lock.db" [8000-200]
	at org.h2.message.DbException.getJdbcSQLException(DbException.java:455)
	at org.h2.message.DbException.getJdbcSQLException(DbException.java:429)
	at org.h2.message.DbException.get(DbException.java:194)
	at org.h2.store.FileLock.getExceptionFatal(FileLock.java:428)
	at org.h2.store.FileLock.save(FileLock.java:193)
	at org.h2.store.FileLock.lockFile(FileLock.java:322)
	at org.h2.store.FileLock.lock(FileLock.java:108)
	at org.h2.engine.Database.open(Database.java:656)
	at org.h2.engine.Database.openDatabase(Database.java:307)
	at org.h2.engine.Database.<init>(Database.java:301)
	at org.h2.engine.Engine.openSession(Engine.java:74)
	at org.h2.engine.Engine.openSession(Engine.java:192)
	at org.h2.engine.Engine.createSessionAndValidate(Engine.java:171)
	at org.h2.engine.Engine.createSession(Engine.java:166)
	at org.h2.engine.Engine.createSession(Engine.java:29)
	at org.h2.engine.SessionRemote.connectEmbeddedOrServer(SessionRemote.java:340)
	at org.h2.jdbc.JdbcConnection.<init>(JdbcConnection.java:173)
	at org.h2.jdbc.JdbcConnection.<init>(JdbcConnection.java:152)
	at org.h2.Driver.connect(Driver.java:69)
	at org.flywaydb.core.internal.jdbc.DriverDataSource.getConnectionFromDriver(DriverDataSource.java:325)
	at org.flywaydb.core.internal.jdbc.DriverDataSource.getConnection(DriverDataSource.java:289)
	at org.flywaydb.core.internal.jdbc.JdbcUtils.openConnection(JdbcUtils.java:59)
	at org.flywaydb.core.internal.jdbc.JdbcConnectionFactory.<init>(JdbcConnectionFactory.java:69)
	at org.flywaydb.core.Flyway.execute(Flyway.java:507)
	at org.flywaydb.core.Flyway.clean(Flyway.java:358)
	at scala.meta.internal.metals.Tables.migrateOrRestart(Tables.scala:123)
	at scala.meta.internal.metals.Tables.tryUrl(Tables.scala:111)
	at scala.meta.internal.metals.Tables.persistentConnection(Tables.scala:105)
	at scala.meta.internal.metals.Tables.tryNoAutoServer(Tables.scala:71)
	at scala.meta.internal.metals.Tables.tryAutoServer(Tables.scala:65)
	at scala.meta.internal.metals.Tables.connect(Tables.scala:37)
	at scala.meta.internal.metals.MetalsLanguageServer.initialized(MetalsLanguageServer.scala:823)
	at sun.reflect.NativeMethodAccessorImpl.invoke0(Native Method)
	at sun.reflect.NativeMethodAccessorImpl.invoke(NativeMethodAccessorImpl.java:62)
	at sun.reflect.DelegatingMethodAccessorImpl.invoke(DelegatingMethodAccessorImpl.java:43)
	at java.lang.reflect.Method.invoke(Method.java:498)
	at org.eclipse.lsp4j.jsonrpc.services.GenericEndpoint.lambda$null$0(GenericEndpoint.java:65)
	at org.eclipse.lsp4j.jsonrpc.services.GenericEndpoint.notify(GenericEndpoint.java:152)
	at org.eclipse.lsp4j.jsonrpc.RemoteEndpoint.handleNotification(RemoteEndpoint.java:220)
	at org.eclipse.lsp4j.jsonrpc.RemoteEndpoint.consume(RemoteEndpoint.java:187)
	at org.eclipse.lsp4j.jsonrpc.json.StreamMessageProducer.handleMessage(StreamMessageProducer.java:194)
	at org.eclipse.lsp4j.jsonrpc.json.StreamMessageProducer.listen(StreamMessageProducer.java:94)
	at org.eclipse.lsp4j.jsonrpc.json.ConcurrentMessageProcessor.run(ConcurrentMessageProcessor.java:113)
	at java.util.concurrent.Executors$RunnableAdapter.call(Executors.java:511)
	at java.util.concurrent.FutureTask.run(FutureTask.java:266)
	at java.util.concurrent.ThreadPoolExecutor.runWorker(ThreadPoolExecutor.java:1149)
	at java.util.concurrent.ThreadPoolExecutor$Worker.run(ThreadPoolExecutor.java:624)
	at java.lang.Thread.run(Thread.java:748)
Caused by: java.io.FileNotFoundException: /home/jsrl/Documentos/Mini-proyectos/.metals/metals.lock.db (Permiso denegado)
	at java.io.FileOutputStream.open0(Native Method)
	at java.io.FileOutputStream.open(FileOutputStream.java:270)
	at java.io.FileOutputStream.<init>(FileOutputStream.java:213)
	at java.io.FileOutputStream.<init>(FileOutputStream.java:101)
	at org.h2.store.fs.FilePathDisk.newOutputStream(FilePathDisk.java:306)
	at org.h2.store.fs.FileUtils.newOutputStream(FileUtils.java:239)
	at org.h2.store.FileLock.save(FileLock.java:184)
	at org.h2.store.FileLock.lockFile(FileLock.java:322)
	at org.h2.store.FileLock.lock(FileLock.java:108)
	at org.h2.engine.Database.open(Database.java:656)
	at org.h2.engine.Database.openDatabase(Database.java:307)
	at org.h2.engine.Database.<init>(Database.java:301)
	at org.h2.engine.Engine.openSession(Engine.java:74)
	at org.h2.engine.Engine.openSession(Engine.java:192)
	at org.h2.engine.Engine.createSessionAndValidate(Engine.java:171)
	at org.h2.engine.Engine.createSession(Engine.java:166)
	at org.h2.engine.Engine.createSession(Engine.java:29)
	at org.h2.engine.SessionRemote.connectEmbeddedOrServer(SessionRemote.java:340)
	at org.h2.jdbc.JdbcConnection.<init>(JdbcConnection.java:173)
	at org.h2.jdbc.JdbcConnection.<init>(JdbcConnection.java:152)
	at org.h2.Driver.connect(Driver.java:69)
	at org.flywaydb.core.internal.jdbc.DriverDataSource.getConnectionFromDriver(DriverDataSource.java:325)
	at org.flywaydb.core.internal.jdbc.DriverDataSource.getConnection(DriverDataSource.java:289)
	at org.flywaydb.core.internal.jdbc.JdbcUtils.openConnection(JdbcUtils.java:59)
	at org.flywaydb.core.internal.jdbc.JdbcConnectionFactory.<init>(JdbcConnectionFactory.java:69)
	at org.flywaydb.core.Flyway.execute(Flyway.java:507)
	at org.flywaydb.core.Flyway.clean(Flyway.java:358)
	at scala.meta.internal.metals.Tables.migrateOrRestart(Tables.scala:123)
	at scala.meta.internal.metals.Tables.tryUrl(Tables.scala:111)
	at scala.meta.internal.metals.Tables.persistentConnection(Tables.scala:105)
	at scala.meta.internal.metals.Tables.tryNoAutoServer(Tables.scala:71)
	at scala.meta.internal.metals.Tables.tryAutoServer(Tables.scala:65)
	at scala.meta.internal.metals.Tables.connect(Tables.scala:37)
	at scala.meta.internal.metals.MetalsLanguageServer.initialized(MetalsLanguageServer.scala:823)
	at sun.reflect.NativeMethodAccessorImpl.invoke0(Native Method)
	at sun.reflect.NativeMethodAccessorImpl.invoke(NativeMethodAccessorImpl.java:62)
	at sun.reflect.DelegatingMethodAccessorImpl.invoke(DelegatingMethodAccessorImpl.java:43)
	at java.lang.reflect.Method.invoke(Method.java:498)
	at org.eclipse.lsp4j.jsonrpc.services.GenericEndpoint.lambda$null$0(GenericEndpoint.java:65)
	at org.eclipse.lsp4j.jsonrpc.services.GenericEndpoint.notify(GenericEndpoint.java:152)
	at org.eclipse.lsp4j.jsonrpc.RemoteEndpoint.handleNotification(RemoteEndpoint.java:220)
	at org.eclipse.lsp4j.jsonrpc.RemoteEndpoint.consume(RemoteEndpoint.java:187)
	at org.eclipse.lsp4j.jsonrpc.json.StreamMessageProducer.handleMessage(StreamMessageProducer.java:194)
	at org.eclipse.lsp4j.jsonrpc.json.StreamMessageProducer.listen(StreamMessageProducer.java:94)
	at org.eclipse.lsp4j.jsonrpc.json.ConcurrentMessageProcessor.run(ConcurrentMessageProcessor.java:113)
	at java.util.concurrent.Executors$RunnableAdapter.call(Executors.java:511)
	at java.util.concurrent.FutureTask.run(FutureTask.java:266)
	at java.util.concurrent.ThreadPoolExecutor.runWorker(ThreadPoolExecutor.java:1149)
	at java.util.concurrent.ThreadPoolExecutor$Worker.run(ThreadPoolExecutor.java:624)
	at java.lang.Thread.run(Thread.java:748)
[0m
[0m2021.02.01 10:12:22 WARN  Build server is not auto-connectable.[0m
[0m2021.02.01 10:12:22 WARN  no build tool detected in workspace '/home/jsrl/Documentos/Mini-proyectos'. The most common cause for this problem is that the editor was opened in the wrong working directory, for example if you use sbt then the workspace directory should contain build.sbt. [0m
[0m2021.02.01 10:27:48 INFO  shutting down Metals[0m
